2025-08-17 16:50:04,960 - INFO - [PERSONAL_TRADING] PERSONAL TRADING SYSTEM ≥10x BREAKTHROUGH
2025-08-17 16:50:04,960 - INFO - [PERSONAL_TRADING] ================================================================================
2025-08-17 16:50:04,960 - INFO - [PERSONAL_TRADING] PHASE 7 MISSION: Finaliser ton système trading personnel dominant
2025-08-17 16:50:04,961 - INFO - [PERSONAL_TRADING] TARGET: ≥10x speedup for competitive advantage
2025-08-17 16:50:04,961 - INFO - [PERSONAL_TRADING] INTEGRATION: 8.0x tensor × 3.0x vectorization × 5.0x GPU = 120x potential
2025-08-17 16:50:04,961 - INFO - [PERSONAL_TRADING] PERSONAL SUCCESS: Replicate Alex Chen $10K→$1M + Renaissance 35% annual
2025-08-17 16:50:04,961 - INFO - [PERSONAL_TRADING] ================================================================================
2025-08-17 16:50:04,961 - INFO - [PERSONAL_TRADING] Personal Tensor Engine initialized
2025-08-17 16:50:04,962 - INFO - [PERSONAL_TRADING]    GPU acceleration: False
2025-08-17 16:50:04,962 - INFO - [PERSONAL_TRADING]    Tensor speedup: 8.0x
2025-08-17 16:50:04,962 - INFO - [PERSONAL_TRADING] Personal Vectorization Engine initialized
2025-08-17 16:50:04,962 - INFO - [PERSONAL_TRADING]    Vectorization speedup: 3.0x
2025-08-17 16:50:04,962 - INFO - [PERSONAL_TRADING] Personal GPU Acceleration Engine initialized
2025-08-17 16:50:04,962 - INFO - [PERSONAL_TRADING]    GPU available: False
2025-08-17 16:50:04,962 - INFO - [PERSONAL_TRADING]    Target GPU speedup: 5.0x
2025-08-17 16:50:04,963 - INFO - [PERSONAL_TRADING] Personal Trading System initialized
2025-08-17 16:50:04,963 - INFO - [PERSONAL_TRADING]    Initial capital: $10,000.00
2025-08-17 16:50:04,963 - INFO - [PERSONAL_TRADING]    Target multiplier: 29.0x
2025-08-17 16:50:04,963 - INFO - [PERSONAL_TRADING]    Max positions: 300
2025-08-17 16:50:04,963 - INFO - [PERSONAL_TRADING] Validating personal breakthrough performance
2025-08-17 16:50:04,963 - INFO - [PERSONAL_TRADING] Personal breakthrough optimization - 300 symbols
2025-08-17 16:50:04,963 - INFO - [PERSONAL_TRADING] Personal multi-timeframe analysis - AAPL
2025-08-17 16:50:14,488 - INFO - [PERSONAL_TRADING] [BREAKTHROUGH_TIMING] personal_multi_timeframe_analysis: 9524.111300ms (personal system)
2025-08-17 16:50:14,489 - INFO - [PERSONAL_TRADING] Personal multi-timeframe analysis - MSFT
2025-08-17 16:50:15,208 - INFO - [PERSONAL_TRADING] [BREAKTHROUGH_TIMING] personal_multi_timeframe_analysis: 720.276600ms (personal system)
2025-08-17 16:50:15,208 - INFO - [PERSONAL_TRADING] Personal multi-timeframe analysis - GOOGL
2025-08-17 16:50:15,920 - INFO - [PERSONAL_TRADING] [BREAKTHROUGH_TIMING] personal_multi_timeframe_analysis: 711.136600ms (personal system)
2025-08-17 16:50:15,920 - INFO - [PERSONAL_TRADING] Personal multi-timeframe analysis - AMZN
2025-08-17 16:50:16,595 - INFO - [PERSONAL_TRADING] [BREAKTHROUGH_TIMING] personal_multi_timeframe_analysis: 675.402900ms (personal system)
2025-08-17 16:50:16,596 - INFO - [PERSONAL_TRADING] Personal multi-timeframe analysis - TSLA
2025-08-17 16:50:17,229 - INFO - [PERSONAL_TRADING] [BREAKTHROUGH_TIMING] personal_multi_timeframe_analysis: 633.320800ms (personal system)
2025-08-17 16:50:17,230 - INFO - [PERSONAL_TRADING] Personal multi-timeframe analysis - NVDA
2025-08-17 16:50:17,962 - INFO - [PERSONAL_TRADING] [BREAKTHROUGH_TIMING] personal_multi_timeframe_analysis: 731.950800ms (personal system)
2025-08-17 16:50:17,962 - INFO - [PERSONAL_TRADING] Personal multi-timeframe analysis - META
2025-08-17 16:50:18,593 - INFO - [PERSONAL_TRADING] [BREAKTHROUGH_TIMING] personal_multi_timeframe_analysis: 630.730900ms (personal system)
2025-08-17 16:50:18,593 - INFO - [PERSONAL_TRADING] Personal multi-timeframe analysis - NFLX
2025-08-17 16:50:19,223 - INFO - [PERSONAL_TRADING] [BREAKTHROUGH_TIMING] personal_multi_timeframe_analysis: 629.636500ms (personal system)
2025-08-17 16:50:19,223 - INFO - [PERSONAL_TRADING] Personal multi-timeframe analysis - AMD
2025-08-17 16:50:19,892 - INFO - [PERSONAL_TRADING] [BREAKTHROUGH_TIMING] personal_multi_timeframe_analysis: 668.624300ms (personal system)
2025-08-17 16:50:19,892 - INFO - [PERSONAL_TRADING] Personal multi-timeframe analysis - CRM
2025-08-17 16:50:20,596 - INFO - [PERSONAL_TRADING] [BREAKTHROUGH_TIMING] personal_multi_timeframe_analysis: 704.243200ms (personal system)
2025-08-17 16:50:20,597 - INFO - [PERSONAL_TRADING] Personal multi-timeframe analysis - AAPL
2025-08-17 16:50:20,915 - INFO - [PERSONAL_TRADING] [BREAKTHROUGH_TIMING] personal_multi_timeframe_analysis: 319.005100ms (personal system)
2025-08-17 16:50:20,916 - INFO - [PERSONAL_TRADING] Personal multi-timeframe analysis - MSFT
2025-08-17 16:50:21,244 - INFO - [PERSONAL_TRADING] [BREAKTHROUGH_TIMING] personal_multi_timeframe_analysis: 328.675300ms (personal system)
2025-08-17 16:50:21,245 - INFO - [PERSONAL_TRADING] Personal multi-timeframe analysis - GOOGL
2025-08-17 16:50:21,562 - INFO - [PERSONAL_TRADING] [BREAKTHROUGH_TIMING] personal_multi_timeframe_analysis: 316.627400ms (personal system)
2025-08-17 16:50:21,562 - INFO - [PERSONAL_TRADING] Personal multi-timeframe analysis - AMZN
2025-08-17 16:50:21,873 - INFO - [PERSONAL_TRADING] [BREAKTHROUGH_TIMING] personal_multi_timeframe_analysis: 311.720700ms (personal system)
2025-08-17 16:50:21,874 - INFO - [PERSONAL_TRADING] Personal multi-timeframe analysis - TSLA
2025-08-17 16:50:22,185 - INFO - [PERSONAL_TRADING] [BREAKTHROUGH_TIMING] personal_multi_timeframe_analysis: 311.365900ms (personal system)
2025-08-17 16:50:22,186 - INFO - [PERSONAL_TRADING] Personal multi-timeframe analysis - NVDA
2025-08-17 16:50:22,507 - INFO - [PERSONAL_TRADING] [BREAKTHROUGH_TIMING] personal_multi_timeframe_analysis: 320.987100ms (personal system)
2025-08-17 16:50:22,507 - INFO - [PERSONAL_TRADING] Personal multi-timeframe analysis - META
2025-08-17 16:50:22,821 - INFO - [PERSONAL_TRADING] [BREAKTHROUGH_TIMING] personal_multi_timeframe_analysis: 314.050600ms (personal system)
2025-08-17 16:50:22,822 - INFO - [PERSONAL_TRADING] Personal multi-timeframe analysis - NFLX
2025-08-17 16:50:23,135 - INFO - [PERSONAL_TRADING] [BREAKTHROUGH_TIMING] personal_multi_timeframe_analysis: 314.284900ms (personal system)
2025-08-17 16:50:23,136 - INFO - [PERSONAL_TRADING] Personal multi-timeframe analysis - AMD
2025-08-17 16:50:23,446 - INFO - [PERSONAL_TRADING] [BREAKTHROUGH_TIMING] personal_multi_timeframe_analysis: 309.825900ms (personal system)
2025-08-17 16:50:23,446 - INFO - [PERSONAL_TRADING] Personal multi-timeframe analysis - CRM
2025-08-17 16:50:23,760 - INFO - [PERSONAL_TRADING] [BREAKTHROUGH_TIMING] personal_multi_timeframe_analysis: 313.449200ms (personal system)
2025-08-17 16:50:23,760 - INFO - [PERSONAL_TRADING] Personal multi-timeframe analysis - AAPL
2025-08-17 16:50:24,074 - INFO - [PERSONAL_TRADING] [BREAKTHROUGH_TIMING] personal_multi_timeframe_analysis: 314.509800ms (personal system)
2025-08-17 16:50:24,074 - INFO - [PERSONAL_TRADING] Personal multi-timeframe analysis - MSFT
2025-08-17 16:50:24,393 - INFO - [PERSONAL_TRADING] [BREAKTHROUGH_TIMING] personal_multi_timeframe_analysis: 318.272300ms (personal system)
2025-08-17 16:50:24,393 - INFO - [PERSONAL_TRADING] Personal multi-timeframe analysis - GOOGL
2025-08-17 16:50:24,765 - INFO - [PERSONAL_TRADING] [BREAKTHROUGH_TIMING] personal_multi_timeframe_analysis: 372.296800ms (personal system)
2025-08-17 16:50:24,765 - INFO - [PERSONAL_TRADING] Personal multi-timeframe analysis - AMZN
2025-08-17 16:50:25,079 - INFO - [PERSONAL_TRADING] [BREAKTHROUGH_TIMING] personal_multi_timeframe_analysis: 312.665800ms (personal system)
2025-08-17 16:50:25,079 - INFO - [PERSONAL_TRADING] Personal multi-timeframe analysis - TSLA
2025-08-17 16:50:25,390 - INFO - [PERSONAL_TRADING] [BREAKTHROUGH_TIMING] personal_multi_timeframe_analysis: 311.624400ms (personal system)
2025-08-17 16:50:25,390 - INFO - [PERSONAL_TRADING] Personal multi-timeframe analysis - NVDA
2025-08-17 16:50:25,709 - INFO - [PERSONAL_TRADING] [BREAKTHROUGH_TIMING] personal_multi_timeframe_analysis: 317.953500ms (personal system)
2025-08-17 16:50:25,709 - INFO - [PERSONAL_TRADING] Personal multi-timeframe analysis - META
2025-08-17 16:50:26,028 - INFO - [PERSONAL_TRADING] [BREAKTHROUGH_TIMING] personal_multi_timeframe_analysis: 319.282600ms (personal system)
2025-08-17 16:50:26,029 - INFO - [PERSONAL_TRADING] Personal multi-timeframe analysis - NFLX
2025-08-17 16:50:26,339 - INFO - [PERSONAL_TRADING] [BREAKTHROUGH_TIMING] personal_multi_timeframe_analysis: 310.488800ms (personal system)
2025-08-17 16:50:26,340 - INFO - [PERSONAL_TRADING] Personal multi-timeframe analysis - AMD
2025-08-17 16:50:26,650 - INFO - [PERSONAL_TRADING] [BREAKTHROUGH_TIMING] personal_multi_timeframe_analysis: 310.206500ms (personal system)
2025-08-17 16:50:26,650 - INFO - [PERSONAL_TRADING] Personal multi-timeframe analysis - CRM
2025-08-17 16:50:26,967 - INFO - [PERSONAL_TRADING] [BREAKTHROUGH_TIMING] personal_multi_timeframe_analysis: 317.426500ms (personal system)
2025-08-17 16:50:26,967 - INFO - [PERSONAL_TRADING] Personal multi-timeframe analysis - AAPL
2025-08-17 16:50:27,522 - INFO - [PERSONAL_TRADING] [BREAKTHROUGH_TIMING] personal_multi_timeframe_analysis: 554.877400ms (personal system)
2025-08-17 16:50:27,522 - INFO - [PERSONAL_TRADING] Personal multi-timeframe analysis - MSFT
2025-08-17 16:50:28,014 - INFO - [PERSONAL_TRADING] [BREAKTHROUGH_TIMING] personal_multi_timeframe_analysis: 490.944300ms (personal system)
2025-08-17 16:50:28,014 - INFO - [PERSONAL_TRADING] Personal multi-timeframe analysis - GOOGL
2025-08-17 16:50:28,440 - INFO - [PERSONAL_TRADING] [BREAKTHROUGH_TIMING] personal_multi_timeframe_analysis: 426.452600ms (personal system)
2025-08-17 16:50:28,441 - INFO - [PERSONAL_TRADING] Personal multi-timeframe analysis - AMZN
2025-08-17 16:50:28,925 - INFO - [PERSONAL_TRADING] [BREAKTHROUGH_TIMING] personal_multi_timeframe_analysis: 483.747400ms (personal system)
2025-08-17 16:50:28,927 - INFO - [PERSONAL_TRADING] Personal multi-timeframe analysis - TSLA
2025-08-17 16:50:29,486 - INFO - [PERSONAL_TRADING] [BREAKTHROUGH_TIMING] personal_multi_timeframe_analysis: 559.402900ms (personal system)
2025-08-17 16:50:29,486 - INFO - [PERSONAL_TRADING] Personal multi-timeframe analysis - NVDA
2025-08-17 16:50:29,994 - INFO - [PERSONAL_TRADING] [BREAKTHROUGH_TIMING] personal_multi_timeframe_analysis: 508.365100ms (personal system)
2025-08-17 16:50:29,994 - INFO - [PERSONAL_TRADING] Personal multi-timeframe analysis - META
2025-08-17 16:50:30,535 - INFO - [PERSONAL_TRADING] [BREAKTHROUGH_TIMING] personal_multi_timeframe_analysis: 540.450900ms (personal system)
2025-08-17 16:50:30,536 - INFO - [PERSONAL_TRADING] Personal multi-timeframe analysis - NFLX
2025-08-17 16:50:31,040 - INFO - [PERSONAL_TRADING] [BREAKTHROUGH_TIMING] personal_multi_timeframe_analysis: 503.844900ms (personal system)
2025-08-17 16:50:31,046 - INFO - [PERSONAL_TRADING] Personal multi-timeframe analysis - AMD
2025-08-17 16:50:31,565 - INFO - [PERSONAL_TRADING] [BREAKTHROUGH_TIMING] personal_multi_timeframe_analysis: 519.072400ms (personal system)
2025-08-17 16:50:31,565 - INFO - [PERSONAL_TRADING] Personal multi-timeframe analysis - CRM
2025-08-17 16:50:32,044 - INFO - [PERSONAL_TRADING] [BREAKTHROUGH_TIMING] personal_multi_timeframe_analysis: 480.133300ms (personal system)
2025-08-17 16:50:32,045 - INFO - [PERSONAL_TRADING] Personal multi-timeframe analysis - AAPL
2025-08-17 16:50:32,367 - INFO - [PERSONAL_TRADING] [BREAKTHROUGH_TIMING] personal_multi_timeframe_analysis: 321.379700ms (personal system)
2025-08-17 16:50:32,367 - INFO - [PERSONAL_TRADING] Personal multi-timeframe analysis - MSFT
2025-08-17 16:50:32,726 - INFO - [PERSONAL_TRADING] [BREAKTHROUGH_TIMING] personal_multi_timeframe_analysis: 358.769800ms (personal system)
2025-08-17 16:50:32,726 - INFO - [PERSONAL_TRADING] Personal multi-timeframe analysis - GOOGL
2025-08-17 16:50:33,044 - INFO - [PERSONAL_TRADING] [BREAKTHROUGH_TIMING] personal_multi_timeframe_analysis: 317.675200ms (personal system)
2025-08-17 16:50:33,044 - INFO - [PERSONAL_TRADING] Personal multi-timeframe analysis - AMZN
2025-08-17 16:50:33,357 - INFO - [PERSONAL_TRADING] [BREAKTHROUGH_TIMING] personal_multi_timeframe_analysis: 312.982400ms (personal system)
2025-08-17 16:50:33,357 - INFO - [PERSONAL_TRADING] Personal multi-timeframe analysis - TSLA
2025-08-17 16:50:33,668 - INFO - [PERSONAL_TRADING] [BREAKTHROUGH_TIMING] personal_multi_timeframe_analysis: 311.524600ms (personal system)
2025-08-17 16:50:33,668 - INFO - [PERSONAL_TRADING] Personal multi-timeframe analysis - NVDA
2025-08-17 16:50:33,985 - INFO - [PERSONAL_TRADING] [BREAKTHROUGH_TIMING] personal_multi_timeframe_analysis: 315.598900ms (personal system)
2025-08-17 16:50:33,985 - INFO - [PERSONAL_TRADING] Personal multi-timeframe analysis - META
2025-08-17 16:50:34,302 - INFO - [PERSONAL_TRADING] [BREAKTHROUGH_TIMING] personal_multi_timeframe_analysis: 317.019400ms (personal system)
2025-08-17 16:50:34,303 - INFO - [PERSONAL_TRADING] Personal multi-timeframe analysis - NFLX
2025-08-17 16:50:34,611 - INFO - [PERSONAL_TRADING] [BREAKTHROUGH_TIMING] personal_multi_timeframe_analysis: 309.075900ms (personal system)
2025-08-17 16:50:34,611 - INFO - [PERSONAL_TRADING] Personal multi-timeframe analysis - AMD
2025-08-17 16:50:34,925 - INFO - [PERSONAL_TRADING] [BREAKTHROUGH_TIMING] personal_multi_timeframe_analysis: 313.354500ms (personal system)
2025-08-17 16:50:34,925 - INFO - [PERSONAL_TRADING] Personal multi-timeframe analysis - CRM
2025-08-17 16:50:35,246 - INFO - [PERSONAL_TRADING] [BREAKTHROUGH_TIMING] personal_multi_timeframe_analysis: 321.518400ms (personal system)
2025-08-17 16:50:35,247 - INFO - [PERSONAL_TRADING] Strong buy candidates: 5
2025-08-17 16:50:35,780 - INFO - [PERSONAL_TRADING] Personal tensor optimization - 8.0x SPEEDUP COMPONENT
2025-08-17 16:50:35,780 - INFO - [PERSONAL_TRADING] [BREAKTHROUGH_TIMING] personal_portfolio_tensor_optimization: 0.585800ms (personal system)
2025-08-17 16:50:35,781 - INFO - [PERSONAL_TRADING] [BREAKTHROUGH_TIMING] personal_gpu_portfolio_optimization: 0.129100ms (personal system)
2025-08-17 16:50:36,339 - INFO - [PERSONAL_TRADING] [BREAKTHROUGH_TIMING] personal_breakthrough_portfolio_optimization: 31375.680000ms (personal system)
2025-08-17 16:50:36,340 - INFO - [PERSONAL_TRADING] Personal breakthrough validation complete
2025-08-17 16:50:36,340 - INFO - [PERSONAL_TRADING]    Speedup achieved: 0.00x
2025-08-17 16:50:36,340 - INFO - [PERSONAL_TRADING]    Breakthrough confirmed: False
2025-08-17 16:50:36,340 - INFO - [PERSONAL_TRADING]    Competitive edge: 12.00x
2025-08-17 16:50:36,341 - INFO - [PERSONAL_TRADING]    Live trading ready: False
