2025-08-17 07:29:34,552 - INFO - [WEEK5_BREAKTHROUGH] MPS WEEK 5 - PERFORMANCE BREAKTHROUGH FINALE
2025-08-17 07:29:34,552 - INFO - [WEEK5_BREAKTHROUGH] ================================================================================
2025-08-17 07:29:34,552 - INFO - [WEEK5_BREAKTHROUGH] CEO DIRECTIVE: >=10x speedup + 200+ assets + Phase 3 quantum ready
2025-08-17 07:29:34,552 - INFO - [WEEK5_BREAKTHROUGH] OPTIMIZATION STRATEGY: Tensor contraction fix + Vectorization + GPU acceleration
2025-08-17 07:29:34,553 - INFO - [WEEK5_BREAKTHROUGH] SUCCESS PROBABILITY: 85%+ confidence for breakthrough achievement
2025-08-17 07:29:34,553 - INFO - [WEEK5_BREAKTHROUGH] ================================================================================
2025-08-17 07:29:34,553 - INFO - [WEEK5_BREAKTHROUGH] Advanced Tensor Contraction Engine initialized
2025-08-17 07:29:34,553 - INFO - [WEEK5_BREAKTHROUGH]    GPU acceleration: False
2025-08-17 07:29:34,553 - INFO - [WEEK5_BREAKTHROUGH]    Contraction method: advanced_einsum
2025-08-17 07:29:34,553 - INFO - [WEEK5_BREAKTHROUGH]    Available devices: 0
2025-08-17 07:29:34,554 - INFO - [WEEK5_BREAKTHROUGH] Vectorization Breakthrough Engine initialized
2025-08-17 07:29:34,554 - INFO - [WEEK5_BREAKTHROUGH]    GPU acceleration: False
2025-08-17 07:29:34,554 - INFO - [WEEK5_BREAKTHROUGH]    Batch processing: True
2025-08-17 07:29:34,554 - INFO - [WEEK5_BREAKTHROUGH] Enhanced S&P 500 Portfolio Generator for 200+ assets initialized
2025-08-17 07:29:34,554 - INFO - [WEEK5_BREAKTHROUGH]    Extended sectors: 11 with 228 stocks
2025-08-17 07:29:34,554 - INFO - [WEEK5_BREAKTHROUGH]    International ETFs: 20
2025-08-17 07:29:34,554 - INFO - [WEEK5_BREAKTHROUGH]    Bond ETFs: 20
2025-08-17 07:29:34,555 - INFO - [WEEK5_BREAKTHROUGH] Week 5 Breakthrough Benchmark initialized
2025-08-17 07:29:34,555 - INFO - [WEEK5_BREAKTHROUGH]    Portfolio sizes: [50, 100, 150, 200, 250]
2025-08-17 07:29:34,555 - INFO - [WEEK5_BREAKTHROUGH]    Statistical runs: 3
2025-08-17 07:29:34,555 - INFO - [WEEK5_BREAKTHROUGH]    Breakthrough target: 10.0x speedup
2025-08-17 07:29:34,555 - INFO - [WEEK5_BREAKTHROUGH] Starting Week 5 Performance Breakthrough Benchmark - FINALE VALIDATION
2025-08-17 07:29:34,555 - INFO - [WEEK5_BREAKTHROUGH] 
BREAKTHROUGH TESTING portfolio size: 50 assets
2025-08-17 07:29:34,555 - INFO - [WEEK5_BREAKTHROUGH] BREAKTHROUGH BENCHMARKING 50-asset portfolio
2025-08-17 07:29:34,556 - INFO - [WEEK5_BREAKTHROUGH] Generating large S&P 500 portfolio: 50 assets for breakthrough validation
2025-08-17 07:29:34,556 - INFO - [WEEK5_BREAKTHROUGH]    Large portfolio allocation: 40 stocks, 6 international, 4 bonds
2025-08-17 07:29:34,556 - INFO - [WEEK5_BREAKTHROUGH] Large S&P 500 portfolio generated: 50 assets
2025-08-17 07:29:34,556 - INFO - [WEEK5_BREAKTHROUGH]    Sector breakdown: 13 sectors
2025-08-17 07:29:34,557 - INFO - [WEEK5_BREAKTHROUGH]    Asset types: {'Bond ETF', 'ETF', 'Stock'}
2025-08-17 07:29:34,557 - INFO - [WEEK5_BREAKTHROUGH]    Geographic coverage: {np.str_('Emerging Markets'), 'US', np.str_('Japan'), np.str_('Europe'), np.str_('Asia-Pacific')}
2025-08-17 07:29:34,557 - INFO - [WEEK5_BREAKTHROUGH] [BREAKTHROUGH] generate_large_sp500_portfolio: 1.547800ms (nanosecond precision)
2025-08-17 07:29:34,558 - INFO - [WEEK5_BREAKTHROUGH] Enhanced returns generated: (252, 50)
2025-08-17 07:29:34,559 - INFO - [WEEK5_BREAKTHROUGH]    Correlation range: 0.682 to 1.000
2025-08-17 07:29:34,559 - INFO - [WEEK5_BREAKTHROUGH]    Breakthrough run 1/3
2025-08-17 07:29:34,560 - INFO - [WEEK5_BREAKTHROUGH] [BREAKTHROUGH] _classical_optimization_baseline: 0.611700ms (nanosecond precision)
2025-08-17 07:29:34,561 - INFO - [WEEK5_BREAKTHROUGH] Advanced tensor contraction - BREAKTHROUGH OPTIMIZATION
2025-08-17 07:29:34,561 - INFO - [WEEK5_BREAKTHROUGH] CPU advanced tensor contraction via vectorized einsum
2025-08-17 07:29:34,561 - ERROR - [WEEK5_BREAKTHROUGH] CPU advanced contraction failed: Size of label 'k' for operand 1 (20) does not match previous terms (2).
2025-08-17 07:29:34,561 - INFO - [WEEK5_BREAKTHROUGH] [BREAKTHROUGH] advanced_tensor_contraction_fix: 0.599000ms (nanosecond precision)
2025-08-17 07:29:34,562 - INFO - [WEEK5_BREAKTHROUGH] Vectorized portfolio optimization - BREAKTHROUGH PERFORMANCE
2025-08-17 07:29:34,562 - INFO - [WEEK5_BREAKTHROUGH] [BREAKTHROUGH] vectorized_portfolio_optimization: 0.402800ms (nanosecond precision)
2025-08-17 07:29:34,562 - INFO - [WEEK5_BREAKTHROUGH] [BREAKTHROUGH] _breakthrough_mps_optimization: 1.859500ms (nanosecond precision)
2025-08-17 07:29:34,562 - INFO - [WEEK5_BREAKTHROUGH]    Breakthrough run 2/3
2025-08-17 07:29:34,563 - INFO - [WEEK5_BREAKTHROUGH] [BREAKTHROUGH] _classical_optimization_baseline: 0.532900ms (nanosecond precision)
2025-08-17 07:29:34,564 - INFO - [WEEK5_BREAKTHROUGH] Advanced tensor contraction - BREAKTHROUGH OPTIMIZATION
2025-08-17 07:29:34,564 - INFO - [WEEK5_BREAKTHROUGH] CPU advanced tensor contraction via vectorized einsum
2025-08-17 07:29:34,564 - ERROR - [WEEK5_BREAKTHROUGH] CPU advanced contraction failed: Size of label 'k' for operand 1 (20) does not match previous terms (2).
2025-08-17 07:29:34,564 - INFO - [WEEK5_BREAKTHROUGH] [BREAKTHROUGH] advanced_tensor_contraction_fix: 0.685300ms (nanosecond precision)
2025-08-17 07:29:34,565 - INFO - [WEEK5_BREAKTHROUGH] Vectorized portfolio optimization - BREAKTHROUGH PERFORMANCE
2025-08-17 07:29:34,565 - INFO - [WEEK5_BREAKTHROUGH] [BREAKTHROUGH] vectorized_portfolio_optimization: 0.421400ms (nanosecond precision)
2025-08-17 07:29:34,565 - INFO - [WEEK5_BREAKTHROUGH] [BREAKTHROUGH] _breakthrough_mps_optimization: 1.833200ms (nanosecond precision)
2025-08-17 07:29:34,565 - INFO - [WEEK5_BREAKTHROUGH]    Breakthrough run 3/3
2025-08-17 07:29:34,566 - INFO - [WEEK5_BREAKTHROUGH] [BREAKTHROUGH] _classical_optimization_baseline: 0.488700ms (nanosecond precision)
2025-08-17 07:29:34,567 - INFO - [WEEK5_BREAKTHROUGH] Advanced tensor contraction - BREAKTHROUGH OPTIMIZATION
2025-08-17 07:29:34,567 - INFO - [WEEK5_BREAKTHROUGH] CPU advanced tensor contraction via vectorized einsum
2025-08-17 07:29:34,567 - ERROR - [WEEK5_BREAKTHROUGH] CPU advanced contraction failed: Size of label 'k' for operand 1 (20) does not match previous terms (2).
2025-08-17 07:29:34,567 - INFO - [WEEK5_BREAKTHROUGH] [BREAKTHROUGH] advanced_tensor_contraction_fix: 0.546700ms (nanosecond precision)
2025-08-17 07:29:34,568 - INFO - [WEEK5_BREAKTHROUGH] Vectorized portfolio optimization - BREAKTHROUGH PERFORMANCE
2025-08-17 07:29:34,568 - INFO - [WEEK5_BREAKTHROUGH] [BREAKTHROUGH] vectorized_portfolio_optimization: 0.378600ms (nanosecond precision)
2025-08-17 07:29:34,568 - INFO - [WEEK5_BREAKTHROUGH] [BREAKTHROUGH] _breakthrough_mps_optimization: 1.778700ms (nanosecond precision)
2025-08-17 07:29:34,569 - INFO - [WEEK5_BREAKTHROUGH]    Breakthrough Results: 0.30x speedup, 0.8685 accuracy
2025-08-17 07:29:34,569 - INFO - [WEEK5_BREAKTHROUGH]    Memory efficiency: 80.0% reduction
2025-08-17 07:29:34,569 - INFO - [WEEK5_BREAKTHROUGH] [BREAKTHROUGH] _benchmark_breakthrough_portfolio_size: 13.246100ms (nanosecond precision)
2025-08-17 07:29:34,569 - INFO - [WEEK5_BREAKTHROUGH] 
BREAKTHROUGH TESTING portfolio size: 100 assets
2025-08-17 07:29:34,569 - INFO - [WEEK5_BREAKTHROUGH] BREAKTHROUGH BENCHMARKING 100-asset portfolio
2025-08-17 07:29:34,569 - INFO - [WEEK5_BREAKTHROUGH] Generating large S&P 500 portfolio: 100 assets for breakthrough validation
2025-08-17 07:29:34,570 - INFO - [WEEK5_BREAKTHROUGH]    Large portfolio allocation: 80 stocks, 12 international, 8 bonds
2025-08-17 07:29:34,570 - INFO - [WEEK5_BREAKTHROUGH] Large S&P 500 portfolio generated: 100 assets
2025-08-17 07:29:34,570 - INFO - [WEEK5_BREAKTHROUGH]    Sector breakdown: 13 sectors
2025-08-17 07:29:34,570 - INFO - [WEEK5_BREAKTHROUGH]    Asset types: {'Bond ETF', 'ETF', 'Stock'}
2025-08-17 07:29:34,571 - INFO - [WEEK5_BREAKTHROUGH]    Geographic coverage: {np.str_('Global'), np.str_('Emerging Markets'), 'US', np.str_('Japan'), np.str_('Europe'), np.str_('China')}
2025-08-17 07:29:34,571 - INFO - [WEEK5_BREAKTHROUGH] [BREAKTHROUGH] generate_large_sp500_portfolio: 1.401000ms (nanosecond precision)
2025-08-17 07:29:34,573 - INFO - [WEEK5_BREAKTHROUGH] Enhanced returns generated: (252, 100)
2025-08-17 07:29:34,574 - INFO - [WEEK5_BREAKTHROUGH]    Correlation range: 0.674 to 1.000
2025-08-17 07:29:34,575 - INFO - [WEEK5_BREAKTHROUGH]    Breakthrough run 1/3
2025-08-17 07:29:34,596 - INFO - [WEEK5_BREAKTHROUGH] [BREAKTHROUGH] _classical_optimization_baseline: 20.494200ms (nanosecond precision)
2025-08-17 07:29:34,597 - INFO - [WEEK5_BREAKTHROUGH] Advanced tensor contraction - BREAKTHROUGH OPTIMIZATION
2025-08-17 07:29:34,597 - INFO - [WEEK5_BREAKTHROUGH] CPU advanced tensor contraction via vectorized einsum
2025-08-17 07:29:34,597 - ERROR - [WEEK5_BREAKTHROUGH] CPU advanced contraction failed: Size of label 'k' for operand 1 (20) does not match previous terms (2).
2025-08-17 07:29:34,597 - INFO - [WEEK5_BREAKTHROUGH] [BREAKTHROUGH] advanced_tensor_contraction_fix: 0.744000ms (nanosecond precision)
2025-08-17 07:29:34,598 - INFO - [WEEK5_BREAKTHROUGH] Vectorized portfolio optimization - BREAKTHROUGH PERFORMANCE
2025-08-17 07:29:34,619 - INFO - [WEEK5_BREAKTHROUGH] [BREAKTHROUGH] vectorized_portfolio_optimization: 21.483500ms (nanosecond precision)
2025-08-17 07:29:34,619 - INFO - [WEEK5_BREAKTHROUGH] [BREAKTHROUGH] _breakthrough_mps_optimization: 23.444000ms (nanosecond precision)
2025-08-17 07:29:34,620 - INFO - [WEEK5_BREAKTHROUGH]    Breakthrough run 2/3
2025-08-17 07:29:34,626 - INFO - [WEEK5_BREAKTHROUGH] [BREAKTHROUGH] _classical_optimization_baseline: 5.909400ms (nanosecond precision)
2025-08-17 07:29:34,627 - INFO - [WEEK5_BREAKTHROUGH] Advanced tensor contraction - BREAKTHROUGH OPTIMIZATION
2025-08-17 07:29:34,627 - INFO - [WEEK5_BREAKTHROUGH] CPU advanced tensor contraction via vectorized einsum
2025-08-17 07:29:34,627 - ERROR - [WEEK5_BREAKTHROUGH] CPU advanced contraction failed: Size of label 'k' for operand 1 (20) does not match previous terms (2).
2025-08-17 07:29:34,627 - INFO - [WEEK5_BREAKTHROUGH] [BREAKTHROUGH] advanced_tensor_contraction_fix: 0.604300ms (nanosecond precision)
2025-08-17 07:29:34,627 - INFO - [WEEK5_BREAKTHROUGH] Vectorized portfolio optimization - BREAKTHROUGH PERFORMANCE
2025-08-17 07:29:34,635 - INFO - [WEEK5_BREAKTHROUGH] [BREAKTHROUGH] vectorized_portfolio_optimization: 7.728700ms (nanosecond precision)
2025-08-17 07:29:34,636 - INFO - [WEEK5_BREAKTHROUGH] [BREAKTHROUGH] _breakthrough_mps_optimization: 9.569900ms (nanosecond precision)
2025-08-17 07:29:34,636 - INFO - [WEEK5_BREAKTHROUGH]    Breakthrough run 3/3
2025-08-17 07:29:34,642 - INFO - [WEEK5_BREAKTHROUGH] [BREAKTHROUGH] _classical_optimization_baseline: 5.644600ms (nanosecond precision)
2025-08-17 07:29:34,643 - INFO - [WEEK5_BREAKTHROUGH] Advanced tensor contraction - BREAKTHROUGH OPTIMIZATION
2025-08-17 07:29:34,643 - INFO - [WEEK5_BREAKTHROUGH] CPU advanced tensor contraction via vectorized einsum
2025-08-17 07:29:34,643 - ERROR - [WEEK5_BREAKTHROUGH] CPU advanced contraction failed: Size of label 'k' for operand 1 (20) does not match previous terms (2).
2025-08-17 07:29:34,643 - INFO - [WEEK5_BREAKTHROUGH] [BREAKTHROUGH] advanced_tensor_contraction_fix: 0.783000ms (nanosecond precision)
2025-08-17 07:29:34,644 - INFO - [WEEK5_BREAKTHROUGH] Vectorized portfolio optimization - BREAKTHROUGH PERFORMANCE
2025-08-17 07:29:34,651 - INFO - [WEEK5_BREAKTHROUGH] [BREAKTHROUGH] vectorized_portfolio_optimization: 7.692100ms (nanosecond precision)
2025-08-17 07:29:34,652 - INFO - [WEEK5_BREAKTHROUGH] [BREAKTHROUGH] _breakthrough_mps_optimization: 9.679500ms (nanosecond precision)
2025-08-17 07:29:34,652 - INFO - [WEEK5_BREAKTHROUGH]    Breakthrough Results: 0.75x speedup, 0.9165 accuracy
2025-08-17 07:29:34,652 - INFO - [WEEK5_BREAKTHROUGH]    Memory efficiency: 90.0% reduction
2025-08-17 07:29:34,652 - INFO - [WEEK5_BREAKTHROUGH] [BREAKTHROUGH] _benchmark_breakthrough_portfolio_size: 82.968900ms (nanosecond precision)
2025-08-17 07:29:34,652 - INFO - [WEEK5_BREAKTHROUGH] 
BREAKTHROUGH TESTING portfolio size: 150 assets
2025-08-17 07:29:34,653 - INFO - [WEEK5_BREAKTHROUGH] BREAKTHROUGH BENCHMARKING 150-asset portfolio
2025-08-17 07:29:34,653 - INFO - [WEEK5_BREAKTHROUGH] Generating large S&P 500 portfolio: 150 assets for breakthrough validation
2025-08-17 07:29:34,653 - INFO - [WEEK5_BREAKTHROUGH]    Large portfolio allocation: 120 stocks, 18 international, 12 bonds
2025-08-17 07:29:34,653 - INFO - [WEEK5_BREAKTHROUGH] Large S&P 500 portfolio generated: 150 assets
2025-08-17 07:29:34,654 - INFO - [WEEK5_BREAKTHROUGH]    Sector breakdown: 13 sectors
2025-08-17 07:29:34,654 - INFO - [WEEK5_BREAKTHROUGH]    Asset types: {'Bond ETF', 'ETF', 'Stock'}
2025-08-17 07:29:34,654 - INFO - [WEEK5_BREAKTHROUGH]    Geographic coverage: {np.str_('Global'), np.str_('Emerging Markets'), 'US', np.str_('Japan'), np.str_('Europe'), np.str_('China'), np.str_('Asia-Pacific')}
2025-08-17 07:29:34,654 - INFO - [WEEK5_BREAKTHROUGH] [BREAKTHROUGH] generate_large_sp500_portfolio: 1.274500ms (nanosecond precision)
2025-08-17 07:29:34,657 - INFO - [WEEK5_BREAKTHROUGH] Enhanced returns generated: (252, 150)
2025-08-17 07:29:34,658 - INFO - [WEEK5_BREAKTHROUGH]    Correlation range: 0.674 to 1.000
2025-08-17 07:29:34,659 - INFO - [WEEK5_BREAKTHROUGH]    Breakthrough run 1/3
2025-08-17 07:29:34,669 - INFO - [WEEK5_BREAKTHROUGH] [BREAKTHROUGH] _classical_optimization_baseline: 9.999700ms (nanosecond precision)
2025-08-17 07:29:34,670 - INFO - [WEEK5_BREAKTHROUGH] Advanced tensor contraction - BREAKTHROUGH OPTIMIZATION
2025-08-17 07:29:34,670 - INFO - [WEEK5_BREAKTHROUGH] CPU advanced tensor contraction via vectorized einsum
2025-08-17 07:29:34,670 - ERROR - [WEEK5_BREAKTHROUGH] CPU advanced contraction failed: Size of label 'k' for operand 1 (20) does not match previous terms (2).
2025-08-17 07:29:34,671 - INFO - [WEEK5_BREAKTHROUGH] [BREAKTHROUGH] advanced_tensor_contraction_fix: 0.680100ms (nanosecond precision)
2025-08-17 07:29:34,671 - INFO - [WEEK5_BREAKTHROUGH] Vectorized portfolio optimization - BREAKTHROUGH PERFORMANCE
2025-08-17 07:29:34,680 - INFO - [WEEK5_BREAKTHROUGH] [BREAKTHROUGH] vectorized_portfolio_optimization: 9.288500ms (nanosecond precision)
2025-08-17 07:29:34,680 - INFO - [WEEK5_BREAKTHROUGH] [BREAKTHROUGH] _breakthrough_mps_optimization: 11.591200ms (nanosecond precision)
2025-08-17 07:29:34,681 - INFO - [WEEK5_BREAKTHROUGH]    Breakthrough run 2/3
2025-08-17 07:29:34,688 - INFO - [WEEK5_BREAKTHROUGH] [BREAKTHROUGH] _classical_optimization_baseline: 7.078700ms (nanosecond precision)
2025-08-17 07:29:34,689 - INFO - [WEEK5_BREAKTHROUGH] Advanced tensor contraction - BREAKTHROUGH OPTIMIZATION
2025-08-17 07:29:34,690 - INFO - [WEEK5_BREAKTHROUGH] CPU advanced tensor contraction via vectorized einsum
2025-08-17 07:29:34,690 - ERROR - [WEEK5_BREAKTHROUGH] CPU advanced contraction failed: Size of label 'k' for operand 1 (20) does not match previous terms (2).
2025-08-17 07:29:34,690 - INFO - [WEEK5_BREAKTHROUGH] [BREAKTHROUGH] advanced_tensor_contraction_fix: 0.733700ms (nanosecond precision)
2025-08-17 07:29:34,690 - INFO - [WEEK5_BREAKTHROUGH] Vectorized portfolio optimization - BREAKTHROUGH PERFORMANCE
2025-08-17 07:29:34,724 - INFO - [WEEK5_BREAKTHROUGH] [BREAKTHROUGH] vectorized_portfolio_optimization: 33.592000ms (nanosecond precision)
2025-08-17 07:29:34,724 - INFO - [WEEK5_BREAKTHROUGH] [BREAKTHROUGH] _breakthrough_mps_optimization: 35.967000ms (nanosecond precision)
2025-08-17 07:29:34,725 - INFO - [WEEK5_BREAKTHROUGH]    Breakthrough run 3/3
2025-08-17 07:29:34,731 - INFO - [WEEK5_BREAKTHROUGH] [BREAKTHROUGH] _classical_optimization_baseline: 6.697600ms (nanosecond precision)
2025-08-17 07:29:34,733 - INFO - [WEEK5_BREAKTHROUGH] Advanced tensor contraction - BREAKTHROUGH OPTIMIZATION
2025-08-17 07:29:34,734 - INFO - [WEEK5_BREAKTHROUGH] CPU advanced tensor contraction via vectorized einsum
2025-08-17 07:29:34,734 - ERROR - [WEEK5_BREAKTHROUGH] CPU advanced contraction failed: Size of label 'k' for operand 1 (20) does not match previous terms (2).
2025-08-17 07:29:34,734 - INFO - [WEEK5_BREAKTHROUGH] [BREAKTHROUGH] advanced_tensor_contraction_fix: 0.791200ms (nanosecond precision)
2025-08-17 07:29:34,734 - INFO - [WEEK5_BREAKTHROUGH] Vectorized portfolio optimization - BREAKTHROUGH PERFORMANCE
2025-08-17 07:29:34,749 - INFO - [WEEK5_BREAKTHROUGH] [BREAKTHROUGH] vectorized_portfolio_optimization: 14.897700ms (nanosecond precision)
2025-08-17 07:29:34,749 - INFO - [WEEK5_BREAKTHROUGH] [BREAKTHROUGH] _breakthrough_mps_optimization: 17.562900ms (nanosecond precision)
2025-08-17 07:29:34,750 - INFO - [WEEK5_BREAKTHROUGH]    Breakthrough Results: 0.37x speedup, 0.9300 accuracy
2025-08-17 07:29:34,750 - INFO - [WEEK5_BREAKTHROUGH]    Memory efficiency: 93.3% reduction
2025-08-17 07:29:34,750 - INFO - [WEEK5_BREAKTHROUGH] [BREAKTHROUGH] _benchmark_breakthrough_portfolio_size: 97.991100ms (nanosecond precision)
2025-08-17 07:29:34,750 - INFO - [WEEK5_BREAKTHROUGH] 
BREAKTHROUGH TESTING portfolio size: 200 assets
2025-08-17 07:29:34,750 - INFO - [WEEK5_BREAKTHROUGH] BREAKTHROUGH BENCHMARKING 200-asset portfolio
2025-08-17 07:29:34,751 - INFO - [WEEK5_BREAKTHROUGH] Generating large S&P 500 portfolio: 200 assets for breakthrough validation
2025-08-17 07:29:34,751 - INFO - [WEEK5_BREAKTHROUGH]    Large portfolio allocation: 160 stocks, 24 international, 16 bonds
2025-08-17 07:29:34,751 - INFO - [WEEK5_BREAKTHROUGH] Large S&P 500 portfolio generated: 196 assets
2025-08-17 07:29:34,751 - INFO - [WEEK5_BREAKTHROUGH]    Sector breakdown: 13 sectors
2025-08-17 07:29:34,752 - INFO - [WEEK5_BREAKTHROUGH]    Asset types: {'Bond ETF', 'ETF', 'Stock'}
2025-08-17 07:29:34,752 - INFO - [WEEK5_BREAKTHROUGH]    Geographic coverage: {np.str_('Global'), np.str_('Emerging Markets'), 'US', np.str_('Japan'), np.str_('Europe'), np.str_('Asia-Pacific')}
2025-08-17 07:29:34,752 - INFO - [WEEK5_BREAKTHROUGH] [BREAKTHROUGH] generate_large_sp500_portfolio: 1.388500ms (nanosecond precision)
2025-08-17 07:29:34,757 - INFO - [WEEK5_BREAKTHROUGH] Enhanced returns generated: (252, 196)
2025-08-17 07:29:34,759 - INFO - [WEEK5_BREAKTHROUGH]    Correlation range: 0.613 to 1.000
2025-08-17 07:29:34,759 - INFO - [WEEK5_BREAKTHROUGH]    Breakthrough run 1/3
2025-08-17 07:29:34,771 - INFO - [WEEK5_BREAKTHROUGH] [BREAKTHROUGH] _classical_optimization_baseline: 11.632500ms (nanosecond precision)
2025-08-17 07:29:34,773 - INFO - [WEEK5_BREAKTHROUGH] Advanced tensor contraction - BREAKTHROUGH OPTIMIZATION
2025-08-17 07:29:34,773 - INFO - [WEEK5_BREAKTHROUGH] CPU advanced tensor contraction via vectorized einsum
2025-08-17 07:29:34,773 - ERROR - [WEEK5_BREAKTHROUGH] CPU advanced contraction failed: Size of label 'k' for operand 1 (20) does not match previous terms (2).
2025-08-17 07:29:34,774 - INFO - [WEEK5_BREAKTHROUGH] [BREAKTHROUGH] advanced_tensor_contraction_fix: 0.836200ms (nanosecond precision)
2025-08-17 07:29:34,774 - INFO - [WEEK5_BREAKTHROUGH] Vectorized portfolio optimization - BREAKTHROUGH PERFORMANCE
2025-08-17 07:29:34,784 - INFO - [WEEK5_BREAKTHROUGH] [BREAKTHROUGH] vectorized_portfolio_optimization: 10.130500ms (nanosecond precision)
2025-08-17 07:29:34,784 - INFO - [WEEK5_BREAKTHROUGH] [BREAKTHROUGH] _breakthrough_mps_optimization: 12.835400ms (nanosecond precision)
2025-08-17 07:29:34,784 - INFO - [WEEK5_BREAKTHROUGH]    Breakthrough run 2/3
2025-08-17 07:29:34,798 - INFO - [WEEK5_BREAKTHROUGH] [BREAKTHROUGH] _classical_optimization_baseline: 12.584100ms (nanosecond precision)
2025-08-17 07:29:34,799 - INFO - [WEEK5_BREAKTHROUGH] Advanced tensor contraction - BREAKTHROUGH OPTIMIZATION
2025-08-17 07:29:34,799 - INFO - [WEEK5_BREAKTHROUGH] CPU advanced tensor contraction via vectorized einsum
2025-08-17 07:29:34,800 - ERROR - [WEEK5_BREAKTHROUGH] CPU advanced contraction failed: Size of label 'k' for operand 1 (20) does not match previous terms (2).
2025-08-17 07:29:34,800 - INFO - [WEEK5_BREAKTHROUGH] [BREAKTHROUGH] advanced_tensor_contraction_fix: 0.840600ms (nanosecond precision)
2025-08-17 07:29:34,800 - INFO - [WEEK5_BREAKTHROUGH] Vectorized portfolio optimization - BREAKTHROUGH PERFORMANCE
2025-08-17 07:29:34,816 - INFO - [WEEK5_BREAKTHROUGH] [BREAKTHROUGH] vectorized_portfolio_optimization: 15.693600ms (nanosecond precision)
2025-08-17 07:29:34,816 - INFO - [WEEK5_BREAKTHROUGH] [BREAKTHROUGH] _breakthrough_mps_optimization: 18.397000ms (nanosecond precision)
2025-08-17 07:29:34,817 - INFO - [WEEK5_BREAKTHROUGH]    Breakthrough run 3/3
2025-08-17 07:29:34,848 - INFO - [WEEK5_BREAKTHROUGH] [BREAKTHROUGH] _classical_optimization_baseline: 31.413400ms (nanosecond precision)
2025-08-17 07:29:34,850 - INFO - [WEEK5_BREAKTHROUGH] Advanced tensor contraction - BREAKTHROUGH OPTIMIZATION
2025-08-17 07:29:34,850 - INFO - [WEEK5_BREAKTHROUGH] CPU advanced tensor contraction via vectorized einsum
2025-08-17 07:29:34,850 - ERROR - [WEEK5_BREAKTHROUGH] CPU advanced contraction failed: Size of label 'k' for operand 1 (20) does not match previous terms (2).
2025-08-17 07:29:34,851 - INFO - [WEEK5_BREAKTHROUGH] [BREAKTHROUGH] advanced_tensor_contraction_fix: 0.744900ms (nanosecond precision)
2025-08-17 07:29:34,851 - INFO - [WEEK5_BREAKTHROUGH] Vectorized portfolio optimization - BREAKTHROUGH PERFORMANCE
2025-08-17 07:29:34,858 - INFO - [WEEK5_BREAKTHROUGH] [BREAKTHROUGH] vectorized_portfolio_optimization: 7.924200ms (nanosecond precision)
2025-08-17 07:29:34,859 - INFO - [WEEK5_BREAKTHROUGH] [BREAKTHROUGH] _breakthrough_mps_optimization: 10.667800ms (nanosecond precision)
2025-08-17 07:29:34,859 - INFO - [WEEK5_BREAKTHROUGH]    Breakthrough Results: 1.33x speedup, 0.9421 accuracy
2025-08-17 07:29:34,859 - INFO - [WEEK5_BREAKTHROUGH]    Memory efficiency: 95.0% reduction
2025-08-17 07:29:34,859 - INFO - [WEEK5_BREAKTHROUGH] [BREAKTHROUGH] _benchmark_breakthrough_portfolio_size: 108.915700ms (nanosecond precision)
2025-08-17 07:29:34,860 - INFO - [WEEK5_BREAKTHROUGH] 
BREAKTHROUGH TESTING portfolio size: 250 assets
2025-08-17 07:29:34,860 - INFO - [WEEK5_BREAKTHROUGH] BREAKTHROUGH BENCHMARKING 250-asset portfolio
2025-08-17 07:29:34,860 - INFO - [WEEK5_BREAKTHROUGH] Generating large S&P 500 portfolio: 250 assets for breakthrough validation
2025-08-17 07:29:34,860 - INFO - [WEEK5_BREAKTHROUGH]    Large portfolio allocation: 200 stocks, 30 international, 20 bonds
2025-08-17 07:29:34,861 - INFO - [WEEK5_BREAKTHROUGH] Large S&P 500 portfolio generated: 228 assets
2025-08-17 07:29:34,861 - INFO - [WEEK5_BREAKTHROUGH]    Sector breakdown: 13 sectors
2025-08-17 07:29:34,861 - INFO - [WEEK5_BREAKTHROUGH]    Asset types: {'Bond ETF', 'ETF', 'Stock'}
2025-08-17 07:29:34,861 - INFO - [WEEK5_BREAKTHROUGH]    Geographic coverage: {np.str_('Global'), np.str_('Emerging Markets'), 'US', np.str_('Japan'), np.str_('Europe'), np.str_('China'), np.str_('Asia-Pacific')}
2025-08-17 07:29:34,861 - INFO - [WEEK5_BREAKTHROUGH] [BREAKTHROUGH] generate_large_sp500_portfolio: 1.321000ms (nanosecond precision)
2025-08-17 07:29:34,867 - INFO - [WEEK5_BREAKTHROUGH] Enhanced returns generated: (252, 228)
2025-08-17 07:29:34,869 - INFO - [WEEK5_BREAKTHROUGH]    Correlation range: 0.637 to 1.000
2025-08-17 07:29:34,870 - INFO - [WEEK5_BREAKTHROUGH]    Breakthrough run 1/3
2025-08-17 07:29:34,887 - INFO - [WEEK5_BREAKTHROUGH] [BREAKTHROUGH] _classical_optimization_baseline: 17.304600ms (nanosecond precision)
2025-08-17 07:29:34,888 - INFO - [WEEK5_BREAKTHROUGH] Advanced tensor contraction - BREAKTHROUGH OPTIMIZATION
2025-08-17 07:29:34,889 - INFO - [WEEK5_BREAKTHROUGH] CPU advanced tensor contraction via vectorized einsum
2025-08-17 07:29:34,889 - ERROR - [WEEK5_BREAKTHROUGH] CPU advanced contraction failed: Size of label 'k' for operand 1 (20) does not match previous terms (2).
2025-08-17 07:29:34,889 - INFO - [WEEK5_BREAKTHROUGH] [BREAKTHROUGH] advanced_tensor_contraction_fix: 0.913700ms (nanosecond precision)
2025-08-17 07:29:34,890 - INFO - [WEEK5_BREAKTHROUGH] Vectorized portfolio optimization - BREAKTHROUGH PERFORMANCE
2025-08-17 07:29:34,908 - INFO - [WEEK5_BREAKTHROUGH] [BREAKTHROUGH] vectorized_portfolio_optimization: 18.431800ms (nanosecond precision)
2025-08-17 07:29:34,909 - INFO - [WEEK5_BREAKTHROUGH] [BREAKTHROUGH] _breakthrough_mps_optimization: 21.491700ms (nanosecond precision)
2025-08-17 07:29:34,909 - INFO - [WEEK5_BREAKTHROUGH]    Breakthrough run 2/3
2025-08-17 07:29:34,925 - INFO - [WEEK5_BREAKTHROUGH] [BREAKTHROUGH] _classical_optimization_baseline: 15.991800ms (nanosecond precision)
2025-08-17 07:29:34,927 - INFO - [WEEK5_BREAKTHROUGH] Advanced tensor contraction - BREAKTHROUGH OPTIMIZATION
2025-08-17 07:29:34,927 - INFO - [WEEK5_BREAKTHROUGH] CPU advanced tensor contraction via vectorized einsum
2025-08-17 07:29:34,927 - ERROR - [WEEK5_BREAKTHROUGH] CPU advanced contraction failed: Size of label 'k' for operand 1 (20) does not match previous terms (2).
2025-08-17 07:29:34,928 - INFO - [WEEK5_BREAKTHROUGH] [BREAKTHROUGH] advanced_tensor_contraction_fix: 0.913500ms (nanosecond precision)
2025-08-17 07:29:34,928 - INFO - [WEEK5_BREAKTHROUGH] Vectorized portfolio optimization - BREAKTHROUGH PERFORMANCE
2025-08-17 07:29:34,953 - INFO - [WEEK5_BREAKTHROUGH] [BREAKTHROUGH] vectorized_portfolio_optimization: 24.728800ms (nanosecond precision)
2025-08-17 07:29:34,953 - INFO - [WEEK5_BREAKTHROUGH] [BREAKTHROUGH] _breakthrough_mps_optimization: 27.927100ms (nanosecond precision)
2025-08-17 07:29:34,953 - INFO - [WEEK5_BREAKTHROUGH]    Breakthrough run 3/3
2025-08-17 07:29:34,984 - INFO - [WEEK5_BREAKTHROUGH] [BREAKTHROUGH] _classical_optimization_baseline: 30.357900ms (nanosecond precision)
2025-08-17 07:29:34,986 - INFO - [WEEK5_BREAKTHROUGH] Advanced tensor contraction - BREAKTHROUGH OPTIMIZATION
2025-08-17 07:29:34,986 - INFO - [WEEK5_BREAKTHROUGH] CPU advanced tensor contraction via vectorized einsum
2025-08-17 07:29:34,986 - ERROR - [WEEK5_BREAKTHROUGH] CPU advanced contraction failed: Size of label 'k' for operand 1 (20) does not match previous terms (2).
2025-08-17 07:29:34,987 - INFO - [WEEK5_BREAKTHROUGH] [BREAKTHROUGH] advanced_tensor_contraction_fix: 0.920500ms (nanosecond precision)
2025-08-17 07:29:34,987 - INFO - [WEEK5_BREAKTHROUGH] Vectorized portfolio optimization - BREAKTHROUGH PERFORMANCE
2025-08-17 07:29:35,000 - INFO - [WEEK5_BREAKTHROUGH] [BREAKTHROUGH] vectorized_portfolio_optimization: 12.697100ms (nanosecond precision)
2025-08-17 07:29:35,000 - INFO - [WEEK5_BREAKTHROUGH] [BREAKTHROUGH] _breakthrough_mps_optimization: 15.776300ms (nanosecond precision)
2025-08-17 07:29:35,000 - INFO - [WEEK5_BREAKTHROUGH]    Breakthrough Results: 0.98x speedup, 0.9382 accuracy
2025-08-17 07:29:35,001 - INFO - [WEEK5_BREAKTHROUGH]    Memory efficiency: 96.0% reduction
2025-08-17 07:29:35,001 - INFO - [WEEK5_BREAKTHROUGH] [BREAKTHROUGH] _benchmark_breakthrough_portfolio_size: 140.922000ms (nanosecond precision)
2025-08-17 07:29:35,001 - INFO - [WEEK5_BREAKTHROUGH] 
Week 5 Breakthrough Achievement Validation:
2025-08-17 07:29:35,001 - INFO - [WEEK5_BREAKTHROUGH]    speedup_breakthrough: IN PROGRESS
2025-08-17 07:29:35,001 - INFO - [WEEK5_BREAKTHROUGH]    large_portfolio_validated: ACHIEVED
2025-08-17 07:29:35,001 - INFO - [WEEK5_BREAKTHROUGH]    sp500_comprehensive: ACHIEVED
2025-08-17 07:29:35,002 - INFO - [WEEK5_BREAKTHROUGH]    accuracy_maintained: ACHIEVED
2025-08-17 07:29:35,002 - INFO - [WEEK5_BREAKTHROUGH]    memory_efficiency: ACHIEVED
2025-08-17 07:29:35,002 - INFO - [WEEK5_BREAKTHROUGH]    gpu_acceleration: IN PROGRESS
2025-08-17 07:29:35,002 - INFO - [WEEK5_BREAKTHROUGH]    production_ready: ACHIEVED
2025-08-17 07:29:35,002 - INFO - [WEEK5_BREAKTHROUGH]    phase3_prepared: IN PROGRESS
2025-08-17 07:29:35,003 - INFO - [WEEK5_BREAKTHROUGH] 
Week 5 BREAKTHROUGH ACHIEVEMENT: OPTIMIZATION CONTINUES
2025-08-17 07:29:35,003 - INFO - [WEEK5_BREAKTHROUGH] Success criteria met: 5/8
2025-08-17 07:29:35,003 - INFO - [WEEK5_BREAKTHROUGH] 
Week 5 Performance Breakthrough Complete:
2025-08-17 07:29:35,004 - INFO - [WEEK5_BREAKTHROUGH]    Best speedup achieved: 1.33x at 200 assets
2025-08-17 07:29:35,004 - INFO - [WEEK5_BREAKTHROUGH]    Breakthrough target >=10x: IN PROGRESS
2025-08-17 07:29:35,004 - INFO - [WEEK5_BREAKTHROUGH]    Largest portfolio validated: 250 assets
2025-08-17 07:29:35,004 - INFO - [WEEK5_BREAKTHROUGH]    Production deployment ready: OPTIMIZATION
2025-08-17 07:29:35,004 - INFO - [WEEK5_BREAKTHROUGH] [BREAKTHROUGH] execute_breakthrough_benchmark: 449.124000ms (nanosecond precision)
